2023-10-24 10:23:39.571 [info] Revived process, old id eeec854956f05a059d13bb6953e73bdf-1 -> new id 1
2023-10-24 10:23:39.591 [info] Revived process, old id eeec854956f05a059d13bb6953e73bdf-2 -> new id 2
2023-10-24 10:23:39.591 [info] Revived process, old id eeec854956f05a059d13bb6953e73bdf-3 -> new id 3
2023-10-24 10:23:39.591 [info] Revived process, old id eeec854956f05a059d13bb6953e73bdf-4 -> new id 4
2023-10-24 10:23:39.591 [info] Revived process, old id eeec854956f05a059d13bb6953e73bdf-5 -> new id 5
2023-10-24 10:23:39.591 [info] Revived process, old id eeec854956f05a059d13bb6953e73bdf-6 -> new id 6
2023-10-24 10:23:39.591 [info] Revived process, old id eeec854956f05a059d13bb6953e73bdf-7 -> new id 7
2023-10-24 10:23:39.591 [info] Revived process, old id eeec854956f05a059d13bb6953e73bdf-8 -> new id 8
2023-10-24 10:23:40.336 [info] Expanding terminal instance, old id eeec854956f05a059d13bb6953e73bdf-1 -> new id 1
2023-10-24 10:23:40.336 [info] Expanding terminal instance, old id eeec854956f05a059d13bb6953e73bdf-6 -> new id 6
2023-10-24 10:23:40.336 [info] Expanding terminal instance, old id eeec854956f05a059d13bb6953e73bdf-2 -> new id 2
2023-10-24 10:23:40.336 [info] Expanding terminal instance, old id eeec854956f05a059d13bb6953e73bdf-3 -> new id 3
2023-10-24 10:23:40.336 [info] Expanding terminal instance, old id eeec854956f05a059d13bb6953e73bdf-4 -> new id 4
2023-10-24 10:23:40.336 [info] Expanding terminal instance, old id eeec854956f05a059d13bb6953e73bdf-5 -> new id 5
2023-10-24 10:23:40.336 [info] Expanding terminal instance, old id eeec854956f05a059d13bb6953e73bdf-7 -> new id 7
2023-10-24 10:23:40.336 [info] Expanding terminal instance, old id eeec854956f05a059d13bb6953e73bdf-8 -> new id 8
2023-10-24 10:23:42.561 [warning] Persistent process "1": Process had no disconnect runners but was an orphan
2023-10-24 10:23:42.561 [info] Persistent process reconnection "1"
2023-10-24 10:23:42.562 [warning] Persistent process "2": Process had no disconnect runners but was an orphan
2023-10-24 10:23:42.562 [info] Persistent process reconnection "2"
2023-10-24 10:23:42.562 [warning] Persistent process "3": Process had no disconnect runners but was an orphan
2023-10-24 10:23:42.562 [info] Persistent process reconnection "3"
2023-10-24 10:23:42.562 [warning] Persistent process "4": Process had no disconnect runners but was an orphan
2023-10-24 10:23:42.562 [info] Persistent process reconnection "4"
2023-10-24 10:23:42.563 [warning] Persistent process "5": Process had no disconnect runners but was an orphan
2023-10-24 10:23:42.563 [info] Persistent process reconnection "5"
2023-10-24 10:23:42.564 [warning] Persistent process "7": Process had no disconnect runners but was an orphan
2023-10-24 10:23:42.564 [info] Persistent process reconnection "7"
2023-10-24 10:23:42.564 [warning] Persistent process "8": Process had no disconnect runners but was an orphan
2023-10-24 10:23:42.564 [info] Persistent process reconnection "8"
2023-10-24 10:23:42.564 [warning] Persistent process "6": Process had no disconnect runners but was an orphan
2023-10-24 10:23:42.564 [info] Persistent process reconnection "6"
2023-10-24 10:23:42.631 [info] Persistent process "1": Replaying 955 chars and 1 size events
2023-10-24 10:23:42.683 [info] Persistent process "2": Replaying 1857 chars and 1 size events
2023-10-24 10:23:42.717 [info] Persistent process "3": Replaying 2544 chars and 1 size events
2023-10-24 10:23:42.747 [info] Persistent process "4": Replaying 182 chars and 1 size events
2023-10-24 10:23:42.791 [info] Persistent process "5": Replaying 1804 chars and 1 size events
2023-10-24 10:23:42.818 [info] Persistent process "7": Replaying 115 chars and 1 size events
2023-10-24 10:23:42.871 [info] Persistent process "8": Replaying 1372 chars and 1 size events
2023-10-24 10:23:42.891 [info] Persistent process "6": Replaying 515 chars and 1 size events
