2023-10-25 07:30:28.926 [info] Revived process, old id eeec854956f05a059d13bb6953e73bdf-1 -> new id 1
2023-10-25 07:30:28.926 [info] Revived process, old id eeec854956f05a059d13bb6953e73bdf-2 -> new id 2
2023-10-25 07:30:28.926 [info] Revived process, old id eeec854956f05a059d13bb6953e73bdf-3 -> new id 3
2023-10-25 07:30:28.926 [info] Revived process, old id eeec854956f05a059d13bb6953e73bdf-4 -> new id 4
2023-10-25 07:30:28.926 [info] Revived process, old id eeec854956f05a059d13bb6953e73bdf-5 -> new id 5
2023-10-25 07:30:28.926 [info] Revived process, old id eeec854956f05a059d13bb6953e73bdf-6 -> new id 6
2023-10-25 07:30:28.926 [info] Revived process, old id eeec854956f05a059d13bb6953e73bdf-7 -> new id 7
2023-10-25 07:30:28.926 [info] Revived process, old id eeec854956f05a059d13bb6953e73bdf-8 -> new id 8
2023-10-25 07:30:28.926 [info] Revived process, old id eeec854956f05a059d13bb6953e73bdf-9 -> new id 9
2023-10-25 07:30:29.060 [info] Expanding terminal instance, old id eeec854956f05a059d13bb6953e73bdf-1 -> new id 1
2023-10-25 07:30:29.060 [info] Expanding terminal instance, old id eeec854956f05a059d13bb6953e73bdf-6 -> new id 6
2023-10-25 07:30:29.060 [info] Expanding terminal instance, old id eeec854956f05a059d13bb6953e73bdf-2 -> new id 2
2023-10-25 07:30:29.060 [info] Expanding terminal instance, old id eeec854956f05a059d13bb6953e73bdf-3 -> new id 3
2023-10-25 07:30:29.060 [info] Expanding terminal instance, old id eeec854956f05a059d13bb6953e73bdf-4 -> new id 4
2023-10-25 07:30:29.060 [info] Expanding terminal instance, old id eeec854956f05a059d13bb6953e73bdf-5 -> new id 5
2023-10-25 07:30:29.060 [info] Expanding terminal instance, old id eeec854956f05a059d13bb6953e73bdf-7 -> new id 7
2023-10-25 07:30:29.060 [info] Expanding terminal instance, old id eeec854956f05a059d13bb6953e73bdf-8 -> new id 8
2023-10-25 07:30:29.060 [info] Expanding terminal instance, old id eeec854956f05a059d13bb6953e73bdf-9 -> new id 9
2023-10-25 07:30:29.472 [warning] Persistent process "1": Process had no disconnect runners but was an orphan
2023-10-25 07:30:29.472 [info] Persistent process reconnection "1"
2023-10-25 07:30:29.473 [warning] Persistent process "2": Process had no disconnect runners but was an orphan
2023-10-25 07:30:29.473 [info] Persistent process reconnection "2"
2023-10-25 07:30:29.474 [warning] Persistent process "3": Process had no disconnect runners but was an orphan
2023-10-25 07:30:29.474 [info] Persistent process reconnection "3"
2023-10-25 07:30:29.474 [warning] Persistent process "4": Process had no disconnect runners but was an orphan
2023-10-25 07:30:29.474 [info] Persistent process reconnection "4"
2023-10-25 07:30:29.483 [warning] Persistent process "5": Process had no disconnect runners but was an orphan
2023-10-25 07:30:29.483 [info] Persistent process reconnection "5"
2023-10-25 07:30:29.483 [warning] Persistent process "7": Process had no disconnect runners but was an orphan
2023-10-25 07:30:29.483 [info] Persistent process reconnection "7"
2023-10-25 07:30:29.483 [warning] Persistent process "8": Process had no disconnect runners but was an orphan
2023-10-25 07:30:29.483 [info] Persistent process reconnection "8"
2023-10-25 07:30:29.483 [warning] Persistent process "9": Process had no disconnect runners but was an orphan
2023-10-25 07:30:29.483 [info] Persistent process reconnection "9"
2023-10-25 07:30:29.483 [warning] Persistent process "6": Process had no disconnect runners but was an orphan
2023-10-25 07:30:29.483 [info] Persistent process reconnection "6"
2023-10-25 07:30:29.567 [info] Persistent process "1": Replaying 955 chars and 1 size events
2023-10-25 07:30:29.636 [info] Persistent process "2": Replaying 2021 chars and 1 size events
2023-10-25 07:30:29.694 [info] Persistent process "3": Replaying 2728 chars and 1 size events
2023-10-25 07:30:29.742 [info] Persistent process "4": Replaying 366 chars and 1 size events
2023-10-25 07:30:29.770 [info] Persistent process "5": Replaying 1968 chars and 1 size events
2023-10-25 07:30:29.806 [info] Persistent process "7": Replaying 115 chars and 1 size events
2023-10-25 07:30:29.819 [info] Persistent process "8": Replaying 1377 chars and 1 size events
2023-10-25 07:30:29.848 [info] Persistent process "9": Replaying 2680 chars and 1 size events
2023-10-25 07:30:29.885 [info] Persistent process "6": Replaying 699 chars and 1 size events
