2023-10-24 12:09:04.366 [info] Revived process, old id eeec854956f05a059d13bb6953e73bdf-1 -> new id 1
2023-10-24 12:09:04.366 [info] Revived process, old id eeec854956f05a059d13bb6953e73bdf-2 -> new id 2
2023-10-24 12:09:04.366 [info] Revived process, old id eeec854956f05a059d13bb6953e73bdf-3 -> new id 3
2023-10-24 12:09:04.366 [info] Revived process, old id eeec854956f05a059d13bb6953e73bdf-4 -> new id 4
2023-10-24 12:09:04.366 [info] Revived process, old id eeec854956f05a059d13bb6953e73bdf-5 -> new id 5
2023-10-24 12:09:04.366 [info] Revived process, old id eeec854956f05a059d13bb6953e73bdf-6 -> new id 6
2023-10-24 12:09:04.366 [info] Revived process, old id eeec854956f05a059d13bb6953e73bdf-7 -> new id 7
2023-10-24 12:09:04.366 [info] Revived process, old id eeec854956f05a059d13bb6953e73bdf-8 -> new id 8
2023-10-24 12:09:04.368 [info] Revived process, old id eeec854956f05a059d13bb6953e73bdf-9 -> new id 9
2023-10-24 12:09:04.737 [info] Expanding terminal instance, old id eeec854956f05a059d13bb6953e73bdf-1 -> new id 1
2023-10-24 12:09:04.737 [info] Expanding terminal instance, old id eeec854956f05a059d13bb6953e73bdf-6 -> new id 6
2023-10-24 12:09:04.737 [info] Expanding terminal instance, old id eeec854956f05a059d13bb6953e73bdf-2 -> new id 2
2023-10-24 12:09:04.737 [info] Expanding terminal instance, old id eeec854956f05a059d13bb6953e73bdf-3 -> new id 3
2023-10-24 12:09:04.737 [info] Expanding terminal instance, old id eeec854956f05a059d13bb6953e73bdf-4 -> new id 4
2023-10-24 12:09:04.737 [info] Expanding terminal instance, old id eeec854956f05a059d13bb6953e73bdf-5 -> new id 5
2023-10-24 12:09:04.737 [info] Expanding terminal instance, old id eeec854956f05a059d13bb6953e73bdf-7 -> new id 7
2023-10-24 12:09:04.737 [info] Expanding terminal instance, old id eeec854956f05a059d13bb6953e73bdf-8 -> new id 8
2023-10-24 12:09:04.737 [info] Expanding terminal instance, old id eeec854956f05a059d13bb6953e73bdf-9 -> new id 9
2023-10-24 12:09:05.795 [warning] Persistent process "1": Process had no disconnect runners but was an orphan
2023-10-24 12:09:05.795 [info] Persistent process reconnection "1"
2023-10-24 12:09:05.796 [warning] Persistent process "2": Process had no disconnect runners but was an orphan
2023-10-24 12:09:05.796 [info] Persistent process reconnection "2"
2023-10-24 12:09:05.796 [warning] Persistent process "3": Process had no disconnect runners but was an orphan
2023-10-24 12:09:05.796 [info] Persistent process reconnection "3"
2023-10-24 12:09:05.797 [warning] Persistent process "4": Process had no disconnect runners but was an orphan
2023-10-24 12:09:05.797 [info] Persistent process reconnection "4"
2023-10-24 12:09:05.798 [warning] Persistent process "5": Process had no disconnect runners but was an orphan
2023-10-24 12:09:05.798 [info] Persistent process reconnection "5"
2023-10-24 12:09:05.799 [warning] Persistent process "7": Process had no disconnect runners but was an orphan
2023-10-24 12:09:05.799 [info] Persistent process reconnection "7"
2023-10-24 12:09:05.799 [warning] Persistent process "8": Process had no disconnect runners but was an orphan
2023-10-24 12:09:05.799 [info] Persistent process reconnection "8"
2023-10-24 12:09:05.799 [warning] Persistent process "9": Process had no disconnect runners but was an orphan
2023-10-24 12:09:05.799 [info] Persistent process reconnection "9"
2023-10-24 12:09:05.800 [warning] Persistent process "6": Process had no disconnect runners but was an orphan
2023-10-24 12:09:05.800 [info] Persistent process reconnection "6"
2023-10-24 12:09:05.982 [info] Persistent process "1": Replaying 955 chars and 1 size events
2023-10-24 12:09:06.124 [info] Persistent process "2": Replaying 1939 chars and 1 size events
2023-10-24 12:09:06.174 [info] Persistent process "3": Replaying 2636 chars and 1 size events
2023-10-24 12:09:06.230 [info] Persistent process "4": Replaying 274 chars and 1 size events
2023-10-24 12:09:06.282 [info] Persistent process "5": Replaying 1886 chars and 1 size events
2023-10-24 12:09:06.296 [info] Persistent process "7": Replaying 115 chars and 1 size events
2023-10-24 12:09:06.307 [info] Persistent process "8": Replaying 1377 chars and 1 size events
2023-10-24 12:09:06.338 [info] Persistent process "9": Replaying 2588 chars and 1 size events
2023-10-24 12:09:06.381 [info] Persistent process "6": Replaying 607 chars and 1 size events
