2023-10-18 12:50:37.723 [info] Revived process, old id eeec854956f05a059d13bb6953e73bdf-1 -> new id 1
2023-10-18 12:50:37.723 [info] Revived process, old id eeec854956f05a059d13bb6953e73bdf-2 -> new id 2
2023-10-18 12:50:37.723 [info] Revived process, old id eeec854956f05a059d13bb6953e73bdf-3 -> new id 3
2023-10-18 12:50:37.723 [info] Revived process, old id eeec854956f05a059d13bb6953e73bdf-4 -> new id 4
2023-10-18 12:50:37.723 [info] Revived process, old id eeec854956f05a059d13bb6953e73bdf-5 -> new id 5
2023-10-18 12:50:37.723 [info] Revived process, old id eeec854956f05a059d13bb6953e73bdf-6 -> new id 6
2023-10-18 12:50:37.723 [info] Revived process, old id eeec854956f05a059d13bb6953e73bdf-7 -> new id 7
2023-10-18 12:50:37.723 [info] Revived process, old id eeec854956f05a059d13bb6953e73bdf-9 -> new id 8
2023-10-18 12:50:38.025 [info] Expanding terminal instance, old id eeec854956f05a059d13bb6953e73bdf-1 -> new id 1
2023-10-18 12:50:38.025 [info] Expanding terminal instance, old id eeec854956f05a059d13bb6953e73bdf-6 -> new id 6
2023-10-18 12:50:38.025 [info] Expanding terminal instance, old id eeec854956f05a059d13bb6953e73bdf-2 -> new id 2
2023-10-18 12:50:38.025 [info] Expanding terminal instance, old id eeec854956f05a059d13bb6953e73bdf-3 -> new id 3
2023-10-18 12:50:38.025 [info] Expanding terminal instance, old id eeec854956f05a059d13bb6953e73bdf-4 -> new id 4
2023-10-18 12:50:38.025 [info] Expanding terminal instance, old id eeec854956f05a059d13bb6953e73bdf-5 -> new id 5
2023-10-18 12:50:38.025 [info] Expanding terminal instance, old id eeec854956f05a059d13bb6953e73bdf-7 -> new id 7
2023-10-18 12:50:38.025 [info] Expanding terminal instance, old id eeec854956f05a059d13bb6953e73bdf-9 -> new id 8
2023-10-18 12:50:39.608 [warning] Persistent process "1": Process had no disconnect runners but was an orphan
2023-10-18 12:50:39.608 [info] Persistent process reconnection "1"
2023-10-18 12:50:39.608 [warning] Persistent process "2": Process had no disconnect runners but was an orphan
2023-10-18 12:50:39.608 [info] Persistent process reconnection "2"
2023-10-18 12:50:39.608 [warning] Persistent process "3": Process had no disconnect runners but was an orphan
2023-10-18 12:50:39.608 [info] Persistent process reconnection "3"
2023-10-18 12:50:39.608 [warning] Persistent process "4": Process had no disconnect runners but was an orphan
2023-10-18 12:50:39.608 [info] Persistent process reconnection "4"
2023-10-18 12:50:39.609 [warning] Persistent process "5": Process had no disconnect runners but was an orphan
2023-10-18 12:50:39.609 [info] Persistent process reconnection "5"
2023-10-18 12:50:39.609 [warning] Persistent process "7": Process had no disconnect runners but was an orphan
2023-10-18 12:50:39.609 [info] Persistent process reconnection "7"
2023-10-18 12:50:39.609 [warning] Persistent process "8": Process had no disconnect runners but was an orphan
2023-10-18 12:50:39.609 [info] Persistent process reconnection "8"
2023-10-18 12:50:39.609 [warning] Persistent process "6": Process had no disconnect runners but was an orphan
2023-10-18 12:50:39.609 [info] Persistent process reconnection "6"
2023-10-18 12:50:39.740 [info] Persistent process "1": Replaying 1052 chars and 1 size events
2023-10-18 12:50:39.831 [info] Persistent process "2": Replaying 1775 chars and 1 size events
2023-10-18 12:50:39.845 [info] Persistent process "3": Replaying 2452 chars and 1 size events
2023-10-18 12:50:39.864 [info] Persistent process "4": Replaying 90 chars and 1 size events
2023-10-18 12:50:39.900 [info] Persistent process "5": Replaying 2127 chars and 1 size events
2023-10-18 12:50:39.919 [info] Persistent process "7": Replaying 1419 chars and 1 size events
2023-10-18 12:50:39.925 [info] Persistent process "8": Replaying 1372 chars and 1 size events
2023-10-18 12:50:39.948 [info] Persistent process "6": Replaying 583 chars and 1 size events
