2023-10-18 09:38:09.517 [info] Revived process, old id eeec854956f05a059d13bb6953e73bdf-1 -> new id 1
2023-10-18 09:38:09.517 [info] Revived process, old id eeec854956f05a059d13bb6953e73bdf-2 -> new id 2
2023-10-18 09:38:09.517 [info] Revived process, old id eeec854956f05a059d13bb6953e73bdf-3 -> new id 3
2023-10-18 09:38:09.517 [info] Revived process, old id eeec854956f05a059d13bb6953e73bdf-4 -> new id 4
2023-10-18 09:38:09.658 [info] Expanding terminal instance, old id eeec854956f05a059d13bb6953e73bdf-1 -> new id 1
2023-10-18 09:38:09.658 [info] Expanding terminal instance, old id eeec854956f05a059d13bb6953e73bdf-2 -> new id 2
2023-10-18 09:38:09.658 [info] Expanding terminal instance, old id eeec854956f05a059d13bb6953e73bdf-3 -> new id 3
2023-10-18 09:38:09.658 [info] Expanding terminal instance, old id eeec854956f05a059d13bb6953e73bdf-4 -> new id 4
2023-10-18 09:38:10.291 [warning] Persistent process "1": Process had no disconnect runners but was an orphan
2023-10-18 09:38:10.291 [info] Persistent process reconnection "1"
2023-10-18 09:38:10.292 [warning] Persistent process "2": Process had no disconnect runners but was an orphan
2023-10-18 09:38:10.292 [info] Persistent process reconnection "2"
2023-10-18 09:38:10.292 [warning] Persistent process "3": Process had no disconnect runners but was an orphan
2023-10-18 09:38:10.292 [info] Persistent process reconnection "3"
2023-10-18 09:38:10.292 [warning] Persistent process "4": Process had no disconnect runners but was an orphan
2023-10-18 09:38:10.292 [info] Persistent process reconnection "4"
2023-10-18 09:38:10.418 [info] Persistent process "1": Replaying 2199 chars and 1 size events
2023-10-18 09:38:10.547 [info] Persistent process "2": Replaying 1693 chars and 1 size events
2023-10-18 09:38:10.587 [info] Persistent process "3": Replaying 2360 chars and 1 size events
2023-10-18 09:38:10.592 [info] Persistent process "4": Replaying 3821 chars and 1 size events
