2023-10-24 10:23:41.914 [info] Telemetry is disabled
2023-10-24 10:23:41.916 [info] Experiments are disabled, only manually opted experiments are active.
2023-10-24 10:23:41.988 [info] Test server listening.
2023-10-24 10:23:41.990 [info] Python interpreter path: /bin/python3
2023-10-24 10:23:47.316 [info] Starting Pylance language server.
2023-10-24 10:25:59.289 [info] Discover tests for workspace name: Downloads - uri: /home/devasc/Downloads/nativeVlan = 1.py
2023-10-24 10:29:17.767 [info] Discover tests for workspace name: Downloads - uri: /home/devasc/Downloads/aclNum = int(input("What is the IPv4 ACL.py
2023-10-24 10:32:02.103 [info] Discover tests for workspace name: Downloads - uri: /home/devasc/Downloads/for loop.py
2023-10-24 10:32:03.273 [info] Send text to terminal: /bin/python3 "/home/devasc/Downloads/for loop.py"
2023-10-24 10:33:41.990 [info] Discover tests for workspace name: Downloads - uri: /home/devasc/Downloads/for loop.py
2023-10-24 10:33:43.332 [info] Send text to terminal: /bin/python3 "/home/devasc/Downloads/for loop.py"
2023-10-24 10:35:56.037 [info] Discover tests for workspace name: Downloads - uri: /home/devasc/Downloads/for loop and if statement combined.py
2023-10-24 10:35:56.822 [info] Send text to terminal: /bin/python3 "/home/devasc/Downloads/for loop and if statement combined.py"
2023-10-24 10:36:34.586 [info] Discover tests for workspace name: Downloads - uri: /home/devasc/Downloads/for loop and if statement combined.py
2023-10-24 10:36:35.071 [info] Send text to terminal: /bin/python3 "/home/devasc/Downloads/for loop and if statement combined.py"
2023-10-24 10:37:25.549 [info] Discover tests for workspace name: Downloads - uri: /home/devasc/Downloads/for loop and if statement combined.py
2023-10-24 10:37:26.370 [info] Send text to terminal: /bin/python3 "/home/devasc/Downloads/for loop and if statement combined.py"
2023-10-24 10:37:35.381 [info] Send text to terminal: /bin/python3 "/home/devasc/Downloads/for loop and if statement combined.py"
2023-10-24 10:37:59.002 [info] Discover tests for workspace name: Downloads - uri: /home/devasc/Downloads/for loop and if statement combined.py
2023-10-24 10:37:59.656 [info] Send text to terminal: /bin/python3 "/home/devasc/Downloads/for loop and if statement combined.py"
2023-10-24 10:40:33.095 [info] Discover tests for workspace name: Downloads - uri: /home/devasc/Downloads/while loop.py
2023-10-24 10:40:34.339 [info] Send text to terminal: /bin/python3 "/home/devasc/Downloads/while loop.py"
2023-10-24 10:42:39.714 [info] Discover tests for workspace name: Downloads - uri: /home/devasc/Downloads/while loop with boolean.py
2023-10-24 10:42:42.682 [info] Send text to terminal: /bin/python3 "/home/devasc/Downloads/while loop with boolean.py"
2023-10-24 10:45:11.297 [info] Discover tests for workspace name: Downloads - uri: /home/devasc/Downloads/while loop boolean xtended.py
2023-10-24 10:45:12.608 [info] Send text to terminal: /bin/python3 "/home/devasc/Downloads/while loop boolean xtended.py"
2023-10-24 10:49:42.006 [info] Send text to terminal: /bin/python3 "/home/devasc/Downloads/read external file.py"
2023-10-24 10:49:42.153 [info] Discover tests for workspace name: Downloads - uri: /home/devasc/Downloads/read external file.py
2023-10-24 10:50:25.608 [info] Send text to terminal: /bin/python3 "/home/devasc/Downloads/read external file.py"
2023-10-24 10:53:12.296 [info] Discover tests for workspace name: Downloads - uri: /home/devasc/Downloads/remove blank lines file external read.py
2023-10-24 10:53:13.303 [info] Send text to terminal: /bin/python3 "/home/devasc/Downloads/remove blank lines file external read.py"
2023-10-24 10:55:53.498 [info] Discover tests for workspace name: Downloads - uri: /home/devasc/Downloads/content copy from file to a empty list.py
2023-10-24 10:55:54.979 [info] Send text to terminal: /bin/python3 "/home/devasc/Downloads/content copy from file to a empty list.py"
2023-10-24 10:56:44.937 [info] Discover tests for workspace name: Downloads - uri: /home/devasc/Downloads/content copy from file to a empty list.py
2023-10-24 10:56:45.359 [info] Send text to terminal: /bin/python3 "/home/devasc/Downloads/content copy from file to a empty list.py"
2023-10-24 10:56:53.933 [info] Discover tests for workspace name: Downloads - uri: /home/devasc/Downloads/content copy from file to a empty list.py
2023-10-24 10:56:54.526 [info] Send text to terminal: /bin/python3 "/home/devasc/Downloads/content copy from file to a empty list.py"
2023-10-24 10:57:14.294 [info] Send text to terminal: /bin/python3 "/home/devasc/Downloads/content copy from file to a empty list.py"
2023-10-24 10:57:14.542 [info] Discover tests for workspace name: Downloads - uri: /home/devasc/Downloads/content copy from file to a empty list.py
2023-10-24 10:57:42.213 [info] Send text to terminal: /bin/python3 "/home/devasc/Downloads/content copy from file to a empty list.py"
2023-10-24 10:57:42.456 [info] Discover tests for workspace name: Downloads - uri: /home/devasc/Downloads/content copy from file to a empty list.py
